\BOOKMARK [0][-]{chapter*.1}{Acknowledgements}{}% 1
\BOOKMARK [0][-]{chapter*.1}{Abstract}{}% 2
\BOOKMARK [0][-]{chapter*.3}{Table of Contents}{}% 3
\BOOKMARK [0][-]{section*.4}{List of Abbreviations}{}% 4
\BOOKMARK [-1][-]{table.0.1}{A frequency domain approach to data-driven control}{}% 5
\BOOKMARK [0][-]{chapter.1}{Introduction}{table.0.1}% 6
\BOOKMARK [0][-]{chapter.2}{Preliminaries}{table.0.1}% 7
\BOOKMARK [1][-]{section.2.1}{Introduction}{chapter.2}% 8
\BOOKMARK [1][-]{section.2.2}{LTI systems}{chapter.2}% 9
\BOOKMARK [1][-]{section.2.3}{Single sine excitations}{chapter.2}% 10
\BOOKMARK [1][-]{section.2.4}{Discrete Fourier transform}{chapter.2}% 11
\BOOKMARK [1][-]{section.2.5}{Perfect reconstruction}{chapter.2}% 12
\BOOKMARK [1][-]{section.2.6}{Frequency response function estimation}{chapter.2}% 13
\BOOKMARK [1][-]{section.2.7}{Multisine excitations}{chapter.2}% 14
\BOOKMARK [1][-]{section.2.8}{Measurement set-ups}{chapter.2}% 15
\BOOKMARK [2][-]{subsection.2.8.1}{Zero-order hold set-up}{section.2.8}% 16
\BOOKMARK [2][-]{subsection.2.8.2}{Band-limited set-up}{section.2.8}% 17
\BOOKMARK [1][-]{section.2.9}{System transients}{chapter.2}% 18
\BOOKMARK [1][-]{section.2.10}{Frequency domain methods}{chapter.2}% 19
\BOOKMARK [1][-]{section.2.11}{White noise}{chapter.2}% 20
\BOOKMARK [1][-]{section.2.12}{Periodic signals}{chapter.2}% 21
\BOOKMARK [1][-]{section.2.13}{Transient suppression}{chapter.2}% 22
\BOOKMARK [2][-]{subsection.2.13.1}{Windowing}{section.2.13}% 23
\BOOKMARK [2][-]{subsection.2.13.2}{Parametric estimation}{section.2.13}% 24
\BOOKMARK [1][-]{section.2.14}{Local polynomial method}{chapter.2}% 25
\BOOKMARK [2][-]{subsection.2.14.1}{Response of a system excited by a periodic input}{section.2.14}% 26
\BOOKMARK [2][-]{subsection.2.14.2}{Algorithm}{section.2.14}% 27
\BOOKMARK [2][-]{subsection.2.14.3}{Variance estimate}{section.2.14}% 28
\BOOKMARK [2][-]{subsection.2.14.4}{Example}{section.2.14}% 29
\BOOKMARK [2][-]{subsection.2.14.5}{Choice of the order and degrees of freedom}{section.2.14}% 30
\BOOKMARK [1][-]{section.2.15}{Generalization}{chapter.2}% 31
\BOOKMARK [2][-]{subsection.2.15.1}{Noisy input}{section.2.15}% 32
\BOOKMARK [2][-]{subsection.2.15.2}{Filtered white noise}{section.2.15}% 33
\BOOKMARK [2][-]{subsection.2.15.3}{Feedback}{section.2.15}% 34
\BOOKMARK [1][-]{section.2.16}{Conclusion}{chapter.2}% 35
\BOOKMARK [0][-]{chapter*.42}{Appendices}{table.0.1}% 36
\BOOKMARK [1][-]{section.1.2.A}{Transient term}{chapter*.42}% 37
\BOOKMARK [1][-]{section.1.2.B}{DFT of white noise}{chapter*.42}% 38
\BOOKMARK [1][-]{section.1.2.C}{Covariance estimation}{chapter*.42}% 39
\BOOKMARK [0][-]{appendix.3}{Model reference control}{table.0.1}% 40
\BOOKMARK [1][-]{section.3.1}{Introduction}{appendix.3}% 41
\BOOKMARK [1][-]{section.3.2}{Problem statement}{appendix.3}% 42
\BOOKMARK [1][-]{section.3.3}{Convex cost}{appendix.3}% 43
\BOOKMARK [1][-]{section.3.4}{Other cost functions}{appendix.3}% 44
\BOOKMARK [1][-]{section.3.5}{Correlation-based approach}{appendix.3}% 45
\BOOKMARK [1][-]{section.3.6}{Translation to the frequency domain}{appendix.3}% 46
\BOOKMARK [2][-]{subsection.3.6.1}{Disadvantages of TD}{section.3.6}% 47
\BOOKMARK [2][-]{subsection.3.6.2}{Nonparametric estimate}{section.3.6}% 48
\BOOKMARK [1][-]{section.3.7}{Parseval's theorem}{appendix.3}% 49
\BOOKMARK [1][-]{section.3.8}{Bias}{appendix.3}% 50
\BOOKMARK [1][-]{section.3.9}{Weighted nonlinear least squares}{appendix.3}% 51
\BOOKMARK [1][-]{section.3.10}{Summary}{appendix.3}% 52
\BOOKMARK [1][-]{section.3.11}{Discrete-time simulations}{appendix.3}% 53
\BOOKMARK [2][-]{subsection.3.11.1}{Introduction}{section.3.11}% 54
\BOOKMARK [2][-]{subsection.3.11.2}{Simple system}{section.3.11}% 55
\BOOKMARK [2][-]{subsection.3.11.3}{Long transient system}{section.3.11}% 56
\BOOKMARK [2][-]{subsection.3.11.4}{System with non realizable controller}{section.3.11}% 57
\BOOKMARK [1][-]{section.3.12}{Conclusion}{appendix.3}% 58
\BOOKMARK [0][-]{appendix*.86}{Appendices}{table.0.1}% 59
\BOOKMARK [1][-]{section.2.3.A}{Division by auto-power spectrum}{appendix*.86}% 60
\BOOKMARK [1][-]{section.2.3.B}{DFT of cross-correlation}{appendix*.86}% 61
\BOOKMARK [1][-]{section.2.3.C}{Unstable systems}{appendix*.86}% 62
\BOOKMARK [2][-]{subsection.2.3.C.1}{Correlation-based approach}{section.2.3.C}% 63
\BOOKMARK [2][-]{subsection.2.3.C.2}{Nonparametric estimate}{section.2.3.C}% 64
\BOOKMARK [0][-]{appendix.4}{Guaranteed stability}{table.0.1}% 65
\BOOKMARK [1][-]{section.4.1}{Introduction}{appendix.4}% 66
\BOOKMARK [1][-]{section.4.2}{Small-gain theorem}{appendix.4}% 67
\BOOKMARK [2][-]{subsection.4.2.1}{Stability constraints}{section.4.2}% 68
\BOOKMARK [2][-]{subsection.4.2.2}{Better stability constraints}{section.4.2}% 69
\BOOKMARK [0][-]{appendix.5}{Real experiment}{table.0.1}% 70
\BOOKMARK [1][-]{section.5.1}{Introduction}{appendix.5}% 71
\BOOKMARK [2][-]{subsection.5.1.1}{Nonparametric estimate}{section.5.1}% 72
\BOOKMARK [2][-]{subsection.5.1.2}{Controller design}{section.5.1}% 73
\BOOKMARK [2][-]{subsection.5.1.3}{Controller realization}{section.5.1}% 74
\BOOKMARK [2][-]{subsection.5.1.4}{Closed loop}{section.5.1}% 75
\BOOKMARK [1][-]{section.5.2}{Conclusion}{appendix.5}% 76
\BOOKMARK [0][-]{appendix*.109}{Conclusion}{table.0.1}% 77
\BOOKMARK [0][-]{appendix*.112}{Software}{table.0.1}% 78
\BOOKMARK [0][-]{appendix*.113}{Bibliography}{table.0.1}% 79
